[0.851s] Invoking command in '/home/ace/ros2_ws/src/my_py_pkg': PYTHONPATH=/home/ace/ros2_ws/src/build/my_py_pkg/prefix_override:/usr/lib/python3/dist-packages/colcon_core/task/python/colcon_distutils_commands:/home/ace/ros2_ws/src/install/my_py_pkg/lib/python3.12/site-packages:${PYTHONPATH} /usr/bin/python3 -W ignore:setup.py install is deprecated -W ignore:easy_install command is deprecated setup.py egg_info --egg-base ../build/my_py_pkg build --build-base /home/ace/ros2_ws/src/build/my_py_pkg/build install --record /home/ace/ros2_ws/src/build/my_py_pkg/install.log --single-version-externally-managed install_data
[0.999s] running egg_info
[0.999s] creating ../build/my_py_pkg/my_py_pkg.egg-info
[1.009s] writing ../build/my_py_pkg/my_py_pkg.egg-info/PKG-INFO
[1.010s] writing dependency_links to ../build/my_py_pkg/my_py_pkg.egg-info/dependency_links.txt
[1.010s] writing entry points to ../build/my_py_pkg/my_py_pkg.egg-info/entry_points.txt
[1.010s] writing requirements to ../build/my_py_pkg/my_py_pkg.egg-info/requires.txt
[1.010s] writing top-level names to ../build/my_py_pkg/my_py_pkg.egg-info/top_level.txt
[1.010s] writing manifest file '../build/my_py_pkg/my_py_pkg.egg-info/SOURCES.txt'
[1.030s] reading manifest file '../build/my_py_pkg/my_py_pkg.egg-info/SOURCES.txt'
[1.031s] writing manifest file '../build/my_py_pkg/my_py_pkg.egg-info/SOURCES.txt'
[1.031s] running build
[1.031s] running build_py
[1.031s] creating /home/ace/ros2_ws/src/build/my_py_pkg/build
[1.032s] creating /home/ace/ros2_ws/src/build/my_py_pkg/build/lib
[1.032s] creating /home/ace/ros2_ws/src/build/my_py_pkg/build/lib/my_py_pkg
[1.033s] copying my_py_pkg/add_two_ints_client.py -> /home/ace/ros2_ws/src/build/my_py_pkg/build/lib/my_py_pkg
[1.033s] copying my_py_pkg/__init__.py -> /home/ace/ros2_ws/src/build/my_py_pkg/build/lib/my_py_pkg
[1.034s] copying my_py_pkg/robot_news_station.py -> /home/ace/ros2_ws/src/build/my_py_pkg/build/lib/my_py_pkg
[1.034s] copying my_py_pkg/smartphone.py -> /home/ace/ros2_ws/src/build/my_py_pkg/build/lib/my_py_pkg
[1.034s] copying my_py_pkg/add_two_ints_server.py -> /home/ace/ros2_ws/src/build/my_py_pkg/build/lib/my_py_pkg
[1.035s] copying my_py_pkg/my_first_node.py -> /home/ace/ros2_ws/src/build/my_py_pkg/build/lib/my_py_pkg
[1.035s] running install
[1.042s] running install_lib
[1.053s] creating /home/ace/ros2_ws/src/install/my_py_pkg/lib/python3.12/site-packages/my_py_pkg
[1.053s] copying /home/ace/ros2_ws/src/build/my_py_pkg/build/lib/my_py_pkg/add_two_ints_client.py -> /home/ace/ros2_ws/src/install/my_py_pkg/lib/python3.12/site-packages/my_py_pkg
[1.053s] copying /home/ace/ros2_ws/src/build/my_py_pkg/build/lib/my_py_pkg/__init__.py -> /home/ace/ros2_ws/src/install/my_py_pkg/lib/python3.12/site-packages/my_py_pkg
[1.053s] copying /home/ace/ros2_ws/src/build/my_py_pkg/build/lib/my_py_pkg/robot_news_station.py -> /home/ace/ros2_ws/src/install/my_py_pkg/lib/python3.12/site-packages/my_py_pkg
[1.054s] copying /home/ace/ros2_ws/src/build/my_py_pkg/build/lib/my_py_pkg/smartphone.py -> /home/ace/ros2_ws/src/install/my_py_pkg/lib/python3.12/site-packages/my_py_pkg
[1.054s] copying /home/ace/ros2_ws/src/build/my_py_pkg/build/lib/my_py_pkg/add_two_ints_server.py -> /home/ace/ros2_ws/src/install/my_py_pkg/lib/python3.12/site-packages/my_py_pkg
[1.054s] copying /home/ace/ros2_ws/src/build/my_py_pkg/build/lib/my_py_pkg/my_first_node.py -> /home/ace/ros2_ws/src/install/my_py_pkg/lib/python3.12/site-packages/my_py_pkg
[1.055s] byte-compiling /home/ace/ros2_ws/src/install/my_py_pkg/lib/python3.12/site-packages/my_py_pkg/add_two_ints_client.py to add_two_ints_client.cpython-312.pyc
[1.055s] byte-compiling /home/ace/ros2_ws/src/install/my_py_pkg/lib/python3.12/site-packages/my_py_pkg/__init__.py to __init__.cpython-312.pyc
[1.055s] byte-compiling /home/ace/ros2_ws/src/install/my_py_pkg/lib/python3.12/site-packages/my_py_pkg/robot_news_station.py to robot_news_station.cpython-312.pyc
[1.056s] byte-compiling /home/ace/ros2_ws/src/install/my_py_pkg/lib/python3.12/site-packages/my_py_pkg/smartphone.py to smartphone.cpython-312.pyc
[1.056s] byte-compiling /home/ace/ros2_ws/src/install/my_py_pkg/lib/python3.12/site-packages/my_py_pkg/add_two_ints_server.py to add_two_ints_server.cpython-312.pyc
[1.056s] byte-compiling /home/ace/ros2_ws/src/install/my_py_pkg/lib/python3.12/site-packages/my_py_pkg/my_first_node.py to my_first_node.cpython-312.pyc
[1.057s] running install_data
[1.057s] creating /home/ace/ros2_ws/src/install/my_py_pkg/share/ament_index
[1.057s] creating /home/ace/ros2_ws/src/install/my_py_pkg/share/ament_index/resource_index
[1.057s] creating /home/ace/ros2_ws/src/install/my_py_pkg/share/ament_index/resource_index/packages
[1.058s] copying resource/my_py_pkg -> /home/ace/ros2_ws/src/install/my_py_pkg/share/ament_index/resource_index/packages
[1.058s] copying package.xml -> /home/ace/ros2_ws/src/install/my_py_pkg/share/my_py_pkg
[1.058s] running install_egg_info
[1.069s] Copying ../build/my_py_pkg/my_py_pkg.egg-info to /home/ace/ros2_ws/src/install/my_py_pkg/lib/python3.12/site-packages/my_py_pkg-0.0.0-py3.12.egg-info
[1.070s] running install_scripts
[1.147s] Installing add_two_ints_client script to /home/ace/ros2_ws/src/install/my_py_pkg/lib/my_py_pkg
[1.147s] Installing add_two_ints_server script to /home/ace/ros2_ws/src/install/my_py_pkg/lib/my_py_pkg
[1.147s] Installing py_node script to /home/ace/ros2_ws/src/install/my_py_pkg/lib/my_py_pkg
[1.147s] Installing robot_news_station script to /home/ace/ros2_ws/src/install/my_py_pkg/lib/my_py_pkg
[1.148s] Installing smartphone script to /home/ace/ros2_ws/src/install/my_py_pkg/lib/my_py_pkg
[1.148s] writing list of installed files to '/home/ace/ros2_ws/src/build/my_py_pkg/install.log'
[1.173s] Invoked command in '/home/ace/ros2_ws/src/my_py_pkg' returned '0': PYTHONPATH=/home/ace/ros2_ws/src/build/my_py_pkg/prefix_override:/usr/lib/python3/dist-packages/colcon_core/task/python/colcon_distutils_commands:/home/ace/ros2_ws/src/install/my_py_pkg/lib/python3.12/site-packages:${PYTHONPATH} /usr/bin/python3 -W ignore:setup.py install is deprecated -W ignore:easy_install command is deprecated setup.py egg_info --egg-base ../build/my_py_pkg build --build-base /home/ace/ros2_ws/src/build/my_py_pkg/build install --record /home/ace/ros2_ws/src/build/my_py_pkg/install.log --single-version-externally-managed install_data
